
-----
Test: tests/test_buy_product.py::test_buy_product (call)
Start time: 2023-02-19 19:55:43.443848
Start name method: authorization

End time: 2023-02-19 19:55:45.012228
End name method: authorization
URL: https://www.saucedemo.com/inventory.html

-----

-----
Test: tests/test_buy_product.py::test_buy_product (call)
Start time: 2023-02-19 19:55:45.012497
Start name method: select_products_1


-----
Test: tests/test_buy_product_2.py::test_buy_product_1 (call)
Start time: 2023-02-19 19:55:56.456553
Start name method: authorization

End time: 2023-02-19 19:55:57.856606
End name method: authorization
URL: https://www.saucedemo.com/inventory.html

-----

-----
Test: tests/test_buy_product_2.py::test_buy_product_1 (call)
Start time: 2023-02-19 19:55:57.857052
Start name method: select_products_1


-----
Test: tests/test_buy_product_2.py::test_buy_product_2 (call)
Start time: 2023-02-19 19:56:07.834289
Start name method: authorization

End time: 2023-02-19 19:56:09.247815
End name method: authorization
URL: https://www.saucedemo.com/inventory.html

-----

-----
Test: tests/test_buy_product_2.py::test_buy_product_2 (call)
Start time: 2023-02-19 19:56:09.248198
Start name method: select_products_2

End time: 2023-02-19 19:56:09.312998
End name method: select_products_2
URL: https://www.saucedemo.com/cart.html

-----

-----
Test: tests/test_buy_product_2.py::test_buy_product_2 (call)
Start time: 2023-02-19 19:56:09.313217
Start name method: product_confirmation

End time: 2023-02-19 19:56:09.347319
End name method: product_confirmation
URL: https://www.saucedemo.com/checkout-step-one.html

-----

-----
Test: tests/test_buy_product_2.py::test_buy_product_3 (call)
Start time: 2023-02-19 19:56:13.625498
Start name method: authorization

End time: 2023-02-19 19:56:14.980472
End name method: authorization
URL: https://www.saucedemo.com/inventory.html

-----

-----
Test: tests/test_buy_product_2.py::test_buy_product_3 (call)
Start time: 2023-02-19 19:56:14.980833
Start name method: select_products_3

End time: 2023-02-19 19:56:15.037177
End name method: select_products_3
URL: https://www.saucedemo.com/cart.html

-----

-----
Test: tests/test_buy_product_2.py::test_buy_product_3 (call)
Start time: 2023-02-19 19:56:15.037379
Start name method: product_confirmation

End time: 2023-02-19 19:56:15.068030
End name method: product_confirmation
URL: https://www.saucedemo.com/checkout-step-one.html

-----

-----
Test: tests/test_link_about.py::test_link_about (call)
Start time: 2023-02-19 19:56:19.348067
Start name method: authorization

End time: 2023-02-19 19:56:20.741086
End name method: authorization
URL: https://www.saucedemo.com/inventory.html

-----

-----
Test: tests/test_link_about.py::test_link_about (call)
Start time: 2023-02-19 19:56:20.741315
Start name method: select_menu_about

