
-----
Test: tests/test_buy_product.py::test_buy_product (call)
Start time: 2023-02-19 19:34:22.830568
Start name method: authorization

End time: 2023-02-19 19:34:24.231492
End name method: authorization
URL: https://www.saucedemo.com/inventory.html

-----

-----
Test: tests/test_buy_product.py::test_buy_product (call)
Start time: 2023-02-19 19:34:24.231940
Start name method: select_products_1

End time: 2023-02-19 19:34:24.282718
End name method: select_products_1
URL: https://www.saucedemo.com/cart.html

-----

-----
Test: tests/test_buy_product.py::test_buy_product (call)
Start time: 2023-02-19 19:34:24.282967
Start name method: product_confirmation

End time: 2023-02-19 19:34:24.310571
End name method: product_confirmation
URL: https://www.saucedemo.com/checkout-step-one.html

-----

-----
Test: tests/test_buy_product.py::test_buy_product (call)
Start time: 2023-02-19 19:34:24.310759
Start name method: input_information

End time: 2023-02-19 19:34:24.442669
End name method: input_information
URL: https://www.saucedemo.com/checkout-step-two.html

-----

-----
Test: tests/test_buy_product.py::test_buy_product (call)
Start time: 2023-02-19 19:34:24.442967
Start name method: payment

End time: 2023-02-19 19:34:24.473940
End name method: payment
URL: https://www.saucedemo.com/checkout-complete.html

-----

-----
Test: tests/test_buy_product.py::test_buy_product (call)
Start time: 2023-02-19 19:34:24.474155
Start name method: finish

End time: 2023-02-19 19:34:24.673682
End name method: finish
URL: https://www.saucedemo.com/checkout-complete.html

-----
