
-----
Test: tests/test_buy_product.py::test_buy_product (call)
Start time: 2023-02-19 20:10:22.845315
Start name method: authorization

End time: 2023-02-19 20:10:24.168122
End name method: authorization
URL: https://www.saucedemo.com/inventory.html

-----

-----
Test: tests/test_buy_product.py::test_buy_product (call)
Start time: 2023-02-19 20:10:24.168525
Start name method: select_products_1

End time: 2023-02-19 20:10:24.219186
End name method: select_products_1
URL: https://www.saucedemo.com/cart.html

-----

-----
Test: tests/test_buy_product.py::test_buy_product (call)
Start time: 2023-02-19 20:10:24.219428
Start name method: product_confirmation

End time: 2023-02-19 20:10:24.250987
End name method: product_confirmation
URL: https://www.saucedemo.com/checkout-step-one.html

-----

-----
Test: tests/test_buy_product.py::test_buy_product (call)
Start time: 2023-02-19 20:10:24.251161
Start name method: input_information

End time: 2023-02-19 20:10:24.384802
End name method: input_information
URL: https://www.saucedemo.com/checkout-step-two.html

-----

-----
Test: tests/test_buy_product.py::test_buy_product (call)
Start time: 2023-02-19 20:10:24.385037
Start name method: payment

End time: 2023-02-19 20:10:24.416913
End name method: payment
URL: https://www.saucedemo.com/checkout-complete.html

-----

-----
Test: tests/test_buy_product.py::test_buy_product (call)
Start time: 2023-02-19 20:10:24.417112
Start name method: finish

End time: 2023-02-19 20:10:24.621149
End name method: finish
URL: https://www.saucedemo.com/checkout-complete.html

-----
